Arguments: 
  /usr/local/bin/node /usr/local/bin/yarn publish

PATH: 
  /home/kieran/.sdkman/candidates/kotlin/current/bin:/home/kieran/.sdkman/candidates/gradle/current/bin:/home/kieran/.cargo/bin:/home/kieran/bin:/usr/local/sbin:/usr/local/bin:/usr/sbin:/usr/bin:/sbin:/bin:/usr/games:/usr/local/games:/snap/bin:/home/kieran/.cargo/bin:/home/kieran/.cargo/bin:/home/kieran/.cargo/bin

Yarn version: 
  1.22.10

Node version: 
  14.17.5

Platform: 
  linux x64

Trace: 
  Error: canceled
      at Interface.<anonymous> (/usr/local/lib/node_modules/yarn/lib/cli.js:136216:13)
      at Interface.emit (events.js:400:28)
      at Interface._ttyWrite (readline.js:910:16)
      at ReadStream.onkeypress (readline.js:235:10)
      at ReadStream.emit (events.js:400:28)
      at emitKeys (internal/readline/utils.js:358:14)
      at emitKeys.next (<anonymous>)
      at ReadStream.onData (readline.js:1179:36)
      at ReadStream.emit (events.js:400:28)
      at addChunk (internal/streams/readable.js:290:12)

npm manifest: 
  {
    "name": "@dothq/sqb",
    "version": "1.0.0",
    "main": "dist/index.js",
    "types": "dist/index.d.ts",
    "repository": "https://github.com/dothq/sql-query-builder",
    "author": "EnderDev <42723993+EnderDev@users.noreply.github.com>",
    "license": "MIT",
    "scripts": {
      "prepublish": "tsc"
    },
    "dependencies": {
      "sqlstring": "^2.3.2"
    },
    "devDependencies": {
      "@types/sqlstring": "^2.3.0"
    }
  }

yarn manifest: 
  No manifest

Lockfile: 
  # THIS IS AN AUTOGENERATED FILE. DO NOT EDIT THIS FILE DIRECTLY.
  # yarn lockfile v1
  
  
  "@types/sqlstring@^2.3.0":
    version "2.3.0"
    resolved "https://registry.yarnpkg.com/@types/sqlstring/-/sqlstring-2.3.0.tgz#5960ade0166cfaaa4673fc74ec8157a08d06c89e"
    integrity sha512-kMFecDYYFk/f5fljO0UFrSPwU1JxY4mIjX6ic7MHv5nD6sEd3NYLoWcOV/3s6Drs7RHdCwTQdD5NdgVl0I2zzg==
  
  sqlstring@^2.3.2:
    version "2.3.2"
    resolved "https://registry.yarnpkg.com/sqlstring/-/sqlstring-2.3.2.tgz#cdae7169389a1375b18e885f2e60b3e460809514"
    integrity sha512-vF4ZbYdKS8OnoJAWBmMxCQDkiEBkGQYU7UZPtL8flbDRSNkhaXvRJ279ZtI6M+zDaQovVU4tuRgzK5fVhvFAhg==
